This is pdfTeX, Version 3.1415926-2.5-1.40.14 (TeX Live 2013/Debian) (format=latex 2015.4.9)  15 DEC 2015 05:38
entering extended mode
 restricted \write18 enabled.
 %&-line parsing enabled.
**FullAnharmonic.tex
(./FullAnharmonic.tex
LaTeX2e <2011/06/27>
Babel <3.9h> and hyphenation patterns for 78 languages loaded.
(/usr/share/texlive/texmf-dist/tex/latex/base/article.cls
Document Class: article 2007/10/19 v1.4h Standard LaTeX document class
(/usr/share/texlive/texmf-dist/tex/latex/base/size10.clo
File: size10.clo 2007/10/19 v1.4h Standard LaTeX file (size option)
)
\c@part=\count79
\c@section=\count80
\c@subsection=\count81
\c@subsubsection=\count82
\c@paragraph=\count83
\c@subparagraph=\count84
\c@figure=\count85
\c@table=\count86
\abovecaptionskip=\skip41
\belowcaptionskip=\skip42
\bibindent=\dimen102
)
(/usr/share/texlive/texmf-dist/tex/latex/tools/longtable.sty
Package: longtable 2004/02/01 v4.11 Multi-page Table package (DPC)
\LTleft=\skip43
\LTright=\skip44
\LTpre=\skip45
\LTpost=\skip46
\LTchunksize=\count87
\LTcapwidth=\dimen103
\LT@head=\box26
\LT@firsthead=\box27
\LT@foot=\box28
\LT@lastfoot=\box29
\LT@cols=\count88
\LT@rows=\count89
\c@LT@tables=\count90
\c@LT@chunks=\count91
\LT@p@ftn=\toks14
)
No file FullAnharmonic.aux.
\openout1 = `FullAnharmonic.aux'.

LaTeX Font Info:    Checking defaults for OML/cmm/m/it on input line 30.
LaTeX Font Info:    ... okay on input line 30.
LaTeX Font Info:    Checking defaults for T1/cmr/m/n on input line 30.
LaTeX Font Info:    ... okay on input line 30.
LaTeX Font Info:    Checking defaults for OT1/cmr/m/n on input line 30.
LaTeX Font Info:    ... okay on input line 30.
LaTeX Font Info:    Checking defaults for OMS/cmsy/m/n on input line 30.
LaTeX Font Info:    ... okay on input line 30.
LaTeX Font Info:    Checking defaults for OMX/cmex/m/n on input line 30.
LaTeX Font Info:    ... okay on input line 30.
LaTeX Font Info:    Checking defaults for U/cmr/m/n on input line 30.
LaTeX Font Info:    ... okay on input line 30.
LaTeX Font Info:    External font `cmex10' loaded for size
(Font)              <12> on input line 31.
LaTeX Font Info:    External font `cmex10' loaded for size
(Font)              <8> on input line 31.
LaTeX Font Info:    External font `cmex10' loaded for size
(Font)              <6> on input line 31.
LaTeX Font Info:    External font `cmex10' loaded for size
(Font)              <7> on input line 40.
LaTeX Font Info:    External font `cmex10' loaded for size
(Font)              <5> on input line 40.
[1

]
LaTeX Font Info:    External font `cmex10' loaded for size
(Font)              <14.4> on input line 61.


LaTeX Warning: Reference `tabBuildingBlocks' on page 2 undefined on input line 
66.

[2

]

LaTeX Warning: Reference `ssecTransformation' on page 3 undefined on input line
 136.


LaTeX Warning: Reference `eqHammardFirstOrder' on page 3 undefined on input lin
e 170.

[3

]

LaTeX Warning: Reference `eqDefinitionOfLambdaOperator' on page 4 undefined on 
input line 191.


LaTeX Warning: Reference `eqHammardFirstOrder' on page 4 undefined on input lin
e 191.

[4] [5]

LaTeX Warning: Reference `tabSecondOrderCommutators' on page 6 undefined on inp
ut line 240.


LaTeX Warning: Reference `tabSecondOrderCompleteTermList' on page 6 undefined o
n input line 325.


LaTeX Warning: Reference `tabSecondOrderCommutators' on page 6 undefined on inp
ut line 366.


LaTeX Warning: Reference `tabSecondOrderCommutators' on page 6 undefined on inp
ut line 366.


LaTeX Warning: Reference `tabSecondOrderCompleteTermList' on page 6 undefined o
n input line 370.


LaTeX Warning: Reference `secTwoConditions' on page 6 undefined on input line 3
70.

[6

] [7] [8]

LaTeX Warning: Reference `tabSolvedAlphaValues' on page 9 undefined on input li
ne 377.

[9

] [10

] [11

]
Overfull \hbox (108.67668pt too wide) in paragraph at lines 447--469
 [] 
 []


LaTeX Warning: Reference `tabSolvedBetaValues' on page 12 undefined on input li
ne 474.

[12

] [13]

LaTeX Warning: Reference `tabThirdOrderCommutators' on page 14 undefined on inp
ut line 510.

[14

] [15] [16] [17] [18] [19]

Package longtable Warning: Column widths have changed
(longtable)                in table 5 on input line 817.

[20]

LaTeX Warning: Reference `tabThirdOrderCompleteTermList' on page 21 undefined o
n input line 823.


LaTeX Warning: Reference `tabThirdOrderCommutators' on page 21 undefined on inp
ut line 890.


LaTeX Warning: Reference `tabThirdOrderCommutators' on page 21 undefined on inp
ut line 890.

[21

]

LaTeX Warning: Reference `tabThirdOrderCompleteTermList' on page 22 undefined o
n input line 894.


LaTeX Warning: Reference `secTwoConditions' on page 22 undefined on input line 
894.

[22] [23

] [24

]
Overfull \hbox (80.00339pt too wide) in paragraph at lines 961--986
 [] 
 []

[25]
Overfull \hbox (147.06833pt too wide) in paragraph at lines 995--1012
 [] 
 []

[26]
Overfull \hbox (455.85555pt too wide) in paragraph at lines 1022--1050
 [] 
 []

[27]
Overfull \hbox (550.62215pt too wide) in paragraph at lines 1059--1094
 [] 
 []


LaTeX Warning: Reference `tabSolvedGammaValues' on page 28 undefined on input l
ine 1099.

[28] [29]

Package longtable Warning: Table widths have changed. Rerun LaTeX.

[30

] (./FullAnharmonic.aux)

LaTeX Warning: There were undefined references.


LaTeX Warning: Label(s) may have changed. Rerun to get cross-references right.

 ) 
Here is how much of TeX's memory you used:
 345 strings out of 493305
 4022 string characters out of 6139898
 76489 words of memory out of 5000000
 3876 multiletter control sequences out of 15000+600000
 8856 words of font info for 31 fonts, out of 8000000 for 9000
 957 hyphenation exceptions out of 8191
 23i,11n,25p,601b,258s stack positions out of 5000i,500n,10000p,200000b,80000s

Output written on FullAnharmonic.dvi (30 pages, 111260 bytes).
